g:\cgi-410\gilc_vehicle_develop_6.24\gilc_vehicle_main\debug\vc140.pdb
g:\cgi-410\gilc_vehicle_develop_6.24\gilc_vehicle_main\debug\vc140.idb
g:\cgi-410\gilc_vehicle_develop_6.24\gilc_vehicle_main\debug\configure.obj
g:\cgi-410\gilc_vehicle_develop_6.24\gilc_vehicle_main\debug\configure_calibrate.obj
g:\cgi-410\gilc_vehicle_develop_6.24\gilc_vehicle_main\debug\parson.obj
g:\cgi-410\gilc_vehicle_develop_6.24\gilc_vehicle_main\debug\serial_com.obj
g:\cgi-410\gilc_vehicle_develop_6.24\gilc_vehicle_main\debug\gilc_vehicle_main.obj
g:\cgi-410\gilc_vehicle_develop_6.24\gilc_vehicle_main\debug\gilc_out_pack.obj
g:\cgi-410\gilc_vehicle_develop_6.24\debug\gilc_vehicle_main.ilk
g:\cgi-410\gilc_vehicle_develop_6.24\debug\gilc_vehicle_main.exe
g:\cgi-410\gilc_vehicle_develop_6.24\debug\gilc_vehicle_main.pdb
e:\git\gd100_gins\gilc_vehicle_main\debug\configure.obj
e:\git\gd100_gins\gilc_vehicle_main\debug\configure_calibrate.obj
e:\git\gd100_gins\gilc_vehicle_main\debug\gilc_out_pack.obj
e:\git\gd100_gins\gilc_vehicle_main\debug\gilc_vehicle_main.obj
e:\git\gd100_gins\gilc_vehicle_main\debug\parson.obj
e:\git\gd100_gins\gilc_vehicle_main\debug\serial_com.obj
e:\git\gd100_gins\gilc_vehicle_main\debug\vc140.idb
e:\git\gd100_gins\gilc_vehicle_main\debug\vc140.pdb
e:\git\gd100_gins\debug\gilc_vehicle_main.pdb
e:\git\gd100_gins\debug\gilc_vehicle_main.exe
e:\git\gd100_gins\debug\gilc_vehicle_main.ilk
e:\git\gd100_gins\gilc_vehicle_main\debug\gilc_veh.3e88b285.tlog\cl.command.1.tlog
e:\git\gd100_gins\gilc_vehicle_main\debug\gilc_veh.3e88b285.tlog\cl.read.1.tlog
e:\git\gd100_gins\gilc_vehicle_main\debug\gilc_veh.3e88b285.tlog\cl.write.1.tlog
e:\git\gd100_gins\gilc_vehicle_main\debug\gilc_veh.3e88b285.tlog\link.command.1.tlog
e:\git\gd100_gins\gilc_vehicle_main\debug\gilc_veh.3e88b285.tlog\link.read.1.tlog
e:\git\gd100_gins\gilc_vehicle_main\debug\gilc_veh.3e88b285.tlog\link.write.1.tlog
