e:\git\gd100_gins\gilc_vehicle_lib\debug\gilc_vehicle_lib.pdb
e:\git\gd100_gins\gilc_vehicle_lib\debug\gilc_vehicle_lib.idb
e:\git\gd100_gins\gilc_vehicle_lib\debug\buffer.obj
e:\git\gd100_gins\gilc_vehicle_lib\debug\gnss_nmea.obj
e:\git\gd100_gins\gilc_vehicle_lib\debug\gnss_nmea_creat.obj
e:\git\gd100_gins\gilc_vehicle_lib\debug\log.obj
e:\git\gd100_gins\gilc_vehicle_lib\debug\comfunc.obj
e:\git\gd100_gins\gilc_vehicle_lib\debug\csins.obj
e:\git\gd100_gins\gilc_vehicle_lib\debug\gilc_iofile.obj
e:\git\gd100_gins\gilc_vehicle_lib\debug\gilc_kf.obj
e:\git\gd100_gins\gilc_vehicle_lib\debug\gilc_vehicle_lib.obj
e:\git\gd100_gins\gilc_vehicle_lib\debug\filter.obj
e:\git\gd100_gins\debug\libgilcvehicle.lib
e:\git\gd100_gins\debug\gilc_vehicle_lib.pdb
e:\git\gd100_gins\gilc_vehicle_lib\debug\gilc_vehicle_lib.tlog\cl.command.1.tlog
e:\git\gd100_gins\gilc_vehicle_lib\debug\gilc_vehicle_lib.tlog\cl.read.1.tlog
e:\git\gd100_gins\gilc_vehicle_lib\debug\gilc_vehicle_lib.tlog\cl.write.1.tlog
e:\git\gd100_gins\gilc_vehicle_lib\debug\gilc_vehicle_lib.tlog\lib-link.read.1.tlog
e:\git\gd100_gins\gilc_vehicle_lib\debug\gilc_vehicle_lib.tlog\lib-link.write.1.tlog
e:\git\gd100_gins\gilc_vehicle_lib\debug\gilc_vehicle_lib.tlog\lib.command.1.tlog
